\BOOKMARK [0][-]{chapter.1}{Classical stuff}{}% 1
\BOOKMARK [1][-]{section.1.1}{Elements above and below}{chapter.1}% 2
\BOOKMARK [0][-]{chapter.2}{Posets automatic generated documentation}{}% 3
\BOOKMARK [1][-]{section.2.1}{Posets automatic generated documentation of methods}{chapter.2}% 4
\BOOKMARK [0][-]{chapter.3}{Topology}{}% 5
\BOOKMARK [1][-]{section.3.1}{Face poset and order complex}{chapter.3}% 6
\BOOKMARK [1][-]{section.3.2}{Homology}{chapter.3}% 7
\BOOKMARK [1][-]{section.3.3}{Some homotopy properties}{chapter.3}% 8
\BOOKMARK [0][-]{chapter.4}{Constructing new posets}{}% 9
\BOOKMARK [1][-]{section.4.1}{Natural maps}{chapter.4}% 10
\BOOKMARK [1][-]{section.4.2}{Some methods for poset homomorphisms}{chapter.4}% 11
\BOOKMARK [1][-]{section.4.3}{Categorical constructions}{chapter.4}% 12
\BOOKMARK [0][-]{chapter.5}{Posets}{}% 13
\BOOKMARK [1][-]{section.5.1}{Examples of posets}{chapter.5}% 14
\BOOKMARK [1][-]{section.5.2}{The Poset type}{chapter.5}% 15
\BOOKMARK [1][-]{section.5.3}{Constructing posets in different ways}{chapter.5}% 16
\BOOKMARK [1][-]{section.5.4}{Constructing poset homomorphisms}{chapter.5}% 17
\BOOKMARK [1][-]{section.5.5}{Other useful representations of the ordering}{chapter.5}% 18
\BOOKMARK [0][-]{chapter.6}{More properties}{}% 19
\BOOKMARK [1][-]{section.6.1}{Fixed Point Property}{chapter.6}% 20
\BOOKMARK [0][-]{chapter.7}{Posets of subgroups of a finite group}{}% 21
\BOOKMARK [1][-]{section.7.1}{Posets of p-subgroups}{chapter.7}% 22
\BOOKMARK [0][-]{section*.2}{Index}{}% 23
